Copyright 1986-2022 Xilinx, Inc. All Rights Reserved. Copyright 2022-2023 Advanced Micro Devices, Inc. All Rights Reserved.
---------------------------------------------------------------------------------------------------------------------------------------------------------------------------------------------------------
| Tool Version : Vivado v.2023.2 (win64) Build 4029153 Fri Oct 13 20:14:34 MDT 2023
| Date         : Fri Aug  1 10:26:46 2025
| Host         : LAPTOP-PA6R7BEM running 64-bit major release  (build 9200)
| Command      : report_timing_summary -max_paths 10 -report_unconstrained -file eje1_timing_summary_routed.rpt -pb eje1_timing_summary_routed.pb -rpx eje1_timing_summary_routed.rpx -warn_on_violation
| Design       : eje1
| Device       : 7a35t-cpg236
| Speed File   : -1  PRODUCTION 1.23 2018-06-13
| Design State : Routed
---------------------------------------------------------------------------------------------------------------------------------------------------------------------------------------------------------

Timing Summary Report

------------------------------------------------------------------------------------------------
| Timer Settings
| --------------
------------------------------------------------------------------------------------------------

  Enable Multi Corner Analysis               :  Yes
  Enable Pessimism Removal                   :  Yes
  Pessimism Removal Resolution               :  Nearest Common Node
  Enable Input Delay Default Clock           :  No
  Enable Preset / Clear Arcs                 :  No
  Disable Flight Delays                      :  No
  Ignore I/O Paths                           :  No
  Timing Early Launch at Borrowing Latches   :  No
  Borrow Time for Max Delay Exceptions       :  Yes
  Merge Timing Exceptions                    :  Yes
  Inter-SLR Compensation                     :  Conservative

  Corner  Analyze    Analyze    
  Name    Max Paths  Min Paths  
  ------  ---------  ---------  
  Slow    Yes        Yes        
  Fast    Yes        Yes        


------------------------------------------------------------------------------------------------
| Report Methodology
| ------------------
------------------------------------------------------------------------------------------------

Rule       Severity          Description                  Violations  
---------  ----------------  ---------------------------  ----------  
TIMING-17  Critical Warning  Non-clocked sequential cell  1           

Note: This report is based on the most recent report_methodology run and may not be up-to-date. Run report_methodology on the current design for the latest report.



check_timing report

Table of Contents
-----------------
1. checking no_clock (1)
2. checking constant_clock (0)
3. checking pulse_width_clock (0)
4. checking unconstrained_internal_endpoints (1)
5. checking no_input_delay (2)
6. checking no_output_delay (2)
7. checking multiple_clock (0)
8. checking generated_clocks (0)
9. checking loops (0)
10. checking partial_input_delay (0)
11. checking partial_output_delay (0)
12. checking latch_loops (0)

1. checking no_clock (1)
------------------------
 There is 1 register/latch pin with no clock driven by root clock pin: CL (HIGH)


2. checking constant_clock (0)
------------------------------
 There are 0 register/latch pins with constant_clock.


3. checking pulse_width_clock (0)
---------------------------------
 There are 0 register/latch pins which need pulse_width check


4. checking unconstrained_internal_endpoints (1)
------------------------------------------------
 There is 1 pin that is not constrained for maximum delay. (HIGH)

 There are 0 pins that are not constrained for maximum delay due to constant clock.


5. checking no_input_delay (2)
------------------------------
 There are 2 input ports with no input delay specified. (HIGH)

 There are 0 input ports with no input delay but user has a false path constraint.


6. checking no_output_delay (2)
-------------------------------
 There are 2 ports with no output delay specified. (HIGH)

 There are 0 ports with no output delay but user has a false path constraint

 There are 0 ports with no output delay but with a timing clock defined on it or propagating through it


7. checking multiple_clock (0)
------------------------------
 There are 0 register/latch pins with multiple clocks.


8. checking generated_clocks (0)
--------------------------------
 There are 0 generated clocks that are not connected to a clock source.


9. checking loops (0)
---------------------
 There are 0 combinational loops in the design.


10. checking partial_input_delay (0)
------------------------------------
 There are 0 input ports with partial input delay specified.


11. checking partial_output_delay (0)
-------------------------------------
 There are 0 ports with partial output delay specified.


12. checking latch_loops (0)
----------------------------
 There are 0 combinational latch loops in the design through latch input



------------------------------------------------------------------------------------------------
| Design Timing Summary
| ---------------------
------------------------------------------------------------------------------------------------

    WNS(ns)      TNS(ns)  TNS Failing Endpoints  TNS Total Endpoints      WHS(ns)      THS(ns)  THS Failing Endpoints  THS Total Endpoints     WPWS(ns)     TPWS(ns)  TPWS Failing Endpoints  TPWS Total Endpoints  
    -------      -------  ---------------------  -------------------      -------      -------  ---------------------  -------------------     --------     --------  ----------------------  --------------------  
        inf        0.000                      0                    3          inf        0.000                      0                    3           NA           NA                      NA                    NA  


There are no user specified timing constraints.


------------------------------------------------------------------------------------------------
| Clock Summary
| -------------
------------------------------------------------------------------------------------------------


------------------------------------------------------------------------------------------------
| Intra Clock Table
| -----------------
------------------------------------------------------------------------------------------------

Clock             WNS(ns)      TNS(ns)  TNS Failing Endpoints  TNS Total Endpoints      WHS(ns)      THS(ns)  THS Failing Endpoints  THS Total Endpoints     WPWS(ns)     TPWS(ns)  TPWS Failing Endpoints  TPWS Total Endpoints  
-----             -------      -------  ---------------------  -------------------      -------      -------  ---------------------  -------------------     --------     --------  ----------------------  --------------------  


------------------------------------------------------------------------------------------------
| Inter Clock Table
| -----------------
------------------------------------------------------------------------------------------------

From Clock    To Clock          WNS(ns)      TNS(ns)  TNS Failing Endpoints  TNS Total Endpoints      WHS(ns)      THS(ns)  THS Failing Endpoints  THS Total Endpoints  
----------    --------          -------      -------  ---------------------  -------------------      -------      -------  ---------------------  -------------------  


------------------------------------------------------------------------------------------------
| Other Path Groups Table
| -----------------------
------------------------------------------------------------------------------------------------

Path Group    From Clock    To Clock          WNS(ns)      TNS(ns)  TNS Failing Endpoints  TNS Total Endpoints      WHS(ns)      THS(ns)  THS Failing Endpoints  THS Total Endpoints  
----------    ----------    --------          -------      -------  ---------------------  -------------------      -------      -------  ---------------------  -------------------  


------------------------------------------------------------------------------------------------
| User Ignored Path Table
| -----------------------
------------------------------------------------------------------------------------------------

Path Group    From Clock    To Clock    
----------    ----------    --------    


------------------------------------------------------------------------------------------------
| Unconstrained Path Table
| ------------------------
------------------------------------------------------------------------------------------------

Path Group    From Clock    To Clock    
----------    ----------    --------    
(none)                                    


------------------------------------------------------------------------------------------------
| Timing Details
| --------------
------------------------------------------------------------------------------------------------


--------------------------------------------------------------------------------------
Path Group:  (none)
From Clock:  
  To Clock:  

Max Delay             3 Endpoints
Min Delay             3 Endpoints
--------------------------------------------------------------------------------------


Max Delay Paths
--------------------------------------------------------------------------------------
Slack:                    inf
  Source:                 TMP_reg/C
                            (rising edge-triggered cell FDRE)
  Destination:            Q
                            (output port)
  Path Group:             (none)
  Path Type:              Max at Slow Process Corner
  Data Path Delay:        6.515ns  (logic 3.977ns (61.047%)  route 2.538ns (38.953%))
  Logic Levels:           2  (FDRE=1 OBUF=1)

    Location             Delay type                Incr(ns)  Path(ns)    Netlist Resource(s)
  -------------------------------------------------------------------    -------------------
    SLICE_X65Y60         FDRE                         0.000     0.000 r  TMP_reg/C
    SLICE_X65Y60         FDRE (Prop_fdre_C_Q)         0.456     0.456 r  TMP_reg/Q
                         net (fo=3, routed)           2.538     2.994    Q_OBUF
    L1                   OBUF (Prop_obuf_I_O)         3.521     6.515 r  Q_OBUF_inst/O
                         net (fo=0)                   0.000     6.515    Q
    L1                                                                r  Q (OUT)
  -------------------------------------------------------------------    -------------------

Slack:                    inf
  Source:                 TMP_reg/C
                            (rising edge-triggered cell FDRE)
  Destination:            Qn
                            (output port)
  Path Group:             (none)
  Path Type:              Max at Slow Process Corner
  Data Path Delay:        6.505ns  (logic 4.323ns (66.466%)  route 2.181ns (33.534%))
  Logic Levels:           3  (FDRE=1 LUT1=1 OBUF=1)

    Location             Delay type                Incr(ns)  Path(ns)    Netlist Resource(s)
  -------------------------------------------------------------------    -------------------
    SLICE_X65Y60         FDRE                         0.000     0.000 r  TMP_reg/C
    SLICE_X65Y60         FDRE (Prop_fdre_C_Q)         0.456     0.456 f  TMP_reg/Q
                         net (fo=3, routed)           0.507     0.963    Q_OBUF
    SLICE_X65Y60         LUT1 (Prop_lut1_I0_O)        0.150     1.113 r  Qn_OBUF_inst_i_1/O
                         net (fo=1, routed)           1.674     2.787    Qn_OBUF
    P1                   OBUF (Prop_obuf_I_O)         3.717     6.505 r  Qn_OBUF_inst/O
                         net (fo=0)                   0.000     6.505    Qn
    P1                                                                r  Qn (OUT)
  -------------------------------------------------------------------    -------------------

Slack:                    inf
  Source:                 K
                            (input port)
  Destination:            TMP_reg/D
  Path Group:             (none)
  Path Type:              Max at Slow Process Corner
  Data Path Delay:        3.394ns  (logic 1.579ns (46.523%)  route 1.815ns (53.477%))
  Logic Levels:           2  (IBUF=1 LUT3=1)

    Location             Delay type                Incr(ns)  Path(ns)    Netlist Resource(s)
  -------------------------------------------------------------------    -------------------
    T1                                                0.000     0.000 f  K (IN)
                         net (fo=0)                   0.000     0.000    K
    T1                   IBUF (Prop_ibuf_I_O)         1.455     1.455 f  K_IBUF_inst/O
                         net (fo=1, routed)           1.815     3.270    K_IBUF
    SLICE_X65Y60         LUT3 (Prop_lut3_I2_O)        0.124     3.394 r  TMP_i_1/O
                         net (fo=1, routed)           0.000     3.394    TMP_i_1_n_0
    SLICE_X65Y60         FDRE                                         r  TMP_reg/D
  -------------------------------------------------------------------    -------------------





Min Delay Paths
--------------------------------------------------------------------------------------
Slack:                    inf
  Source:                 TMP_reg/C
                            (rising edge-triggered cell FDRE)
  Destination:            TMP_reg/D
  Path Group:             (none)
  Path Type:              Min at Fast Process Corner
  Data Path Delay:        0.356ns  (logic 0.186ns (52.178%)  route 0.170ns (47.822%))
  Logic Levels:           2  (FDRE=1 LUT3=1)

    Location             Delay type                Incr(ns)  Path(ns)    Netlist Resource(s)
  -------------------------------------------------------------------    -------------------
    SLICE_X65Y60         FDRE                         0.000     0.000 r  TMP_reg/C
    SLICE_X65Y60         FDRE (Prop_fdre_C_Q)         0.141     0.141 r  TMP_reg/Q
                         net (fo=3, routed)           0.170     0.311    Q_OBUF
    SLICE_X65Y60         LUT3 (Prop_lut3_I0_O)        0.045     0.356 r  TMP_i_1/O
                         net (fo=1, routed)           0.000     0.356    TMP_i_1_n_0
    SLICE_X65Y60         FDRE                                         r  TMP_reg/D
  -------------------------------------------------------------------    -------------------

Slack:                    inf
  Source:                 TMP_reg/C
                            (rising edge-triggered cell FDRE)
  Destination:            Qn
                            (output port)
  Path Group:             (none)
  Path Type:              Min at Fast Process Corner
  Data Path Delay:        1.960ns  (logic 1.461ns (74.572%)  route 0.498ns (25.428%))
  Logic Levels:           3  (FDRE=1 LUT1=1 OBUF=1)

    Location             Delay type                Incr(ns)  Path(ns)    Netlist Resource(s)
  -------------------------------------------------------------------    -------------------
    SLICE_X65Y60         FDRE                         0.000     0.000 r  TMP_reg/C
    SLICE_X65Y60         FDRE (Prop_fdre_C_Q)         0.141     0.141 f  TMP_reg/Q
                         net (fo=3, routed)           0.170     0.311    Q_OBUF
    SLICE_X65Y60         LUT1 (Prop_lut1_I0_O)        0.042     0.353 r  Qn_OBUF_inst_i_1/O
                         net (fo=1, routed)           0.328     0.681    Qn_OBUF
    P1                   OBUF (Prop_obuf_I_O)         1.278     1.960 r  Qn_OBUF_inst/O
                         net (fo=0)                   0.000     1.960    Qn
    P1                                                                r  Qn (OUT)
  -------------------------------------------------------------------    -------------------

Slack:                    inf
  Source:                 TMP_reg/C
                            (rising edge-triggered cell FDRE)
  Destination:            Q
                            (output port)
  Path Group:             (none)
  Path Type:              Min at Fast Process Corner
  Data Path Delay:        2.093ns  (logic 1.363ns (65.130%)  route 0.730ns (34.870%))
  Logic Levels:           2  (FDRE=1 OBUF=1)

    Location             Delay type                Incr(ns)  Path(ns)    Netlist Resource(s)
  -------------------------------------------------------------------    -------------------
    SLICE_X65Y60         FDRE                         0.000     0.000 r  TMP_reg/C
    SLICE_X65Y60         FDRE (Prop_fdre_C_Q)         0.141     0.141 r  TMP_reg/Q
                         net (fo=3, routed)           0.730     0.871    Q_OBUF
    L1                   OBUF (Prop_obuf_I_O)         1.222     2.093 r  Q_OBUF_inst/O
                         net (fo=0)                   0.000     2.093    Q
    L1                                                                r  Q (OUT)
  -------------------------------------------------------------------    -------------------





