Copyright 1986-2022 Xilinx, Inc. All Rights Reserved. Copyright 2022-2023 Advanced Micro Devices, Inc. All Rights Reserved.
---------------------------------------------------------------------------------------------------------------------------------------------------------------------------------------------------------------------------------------------
| Tool Version : Vivado v.2023.2 (win64) Build 4029153 Fri Oct 13 20:14:34 MDT 2023
| Date         : Wed Jun 11 10:21:30 2025
| Host         : LAPTOP-PA6R7BEM running 64-bit major release  (build 9200)
| Command      : report_timing_summary -max_paths 10 -report_unconstrained -file sumador_restador_timing_summary_routed.rpt -pb sumador_restador_timing_summary_routed.pb -rpx sumador_restador_timing_summary_routed.rpx -warn_on_violation
| Design       : sumador_restador
| Device       : 7a35t-cpg236
| Speed File   : -1  PRODUCTION 1.23 2018-06-13
| Design State : Routed
---------------------------------------------------------------------------------------------------------------------------------------------------------------------------------------------------------------------------------------------

Timing Summary Report

------------------------------------------------------------------------------------------------
| Timer Settings
| --------------
------------------------------------------------------------------------------------------------

  Enable Multi Corner Analysis               :  Yes
  Enable Pessimism Removal                   :  Yes
  Pessimism Removal Resolution               :  Nearest Common Node
  Enable Input Delay Default Clock           :  No
  Enable Preset / Clear Arcs                 :  No
  Disable Flight Delays                      :  No
  Ignore I/O Paths                           :  No
  Timing Early Launch at Borrowing Latches   :  No
  Borrow Time for Max Delay Exceptions       :  Yes
  Merge Timing Exceptions                    :  Yes
  Inter-SLR Compensation                     :  Conservative

  Corner  Analyze    Analyze    
  Name    Max Paths  Min Paths  
  ------  ---------  ---------  
  Slow    Yes        Yes        
  Fast    Yes        Yes        


------------------------------------------------------------------------------------------------
| Report Methodology
| ------------------
------------------------------------------------------------------------------------------------

No report available as report_methodology has not been run prior. Run report_methodology on the current design for the summary of methodology violations.



check_timing report

Table of Contents
-----------------
1. checking no_clock (0)
2. checking constant_clock (0)
3. checking pulse_width_clock (0)
4. checking unconstrained_internal_endpoints (0)
5. checking no_input_delay (0)
6. checking no_output_delay (0)
7. checking multiple_clock (0)
8. checking generated_clocks (0)
9. checking loops (0)
10. checking partial_input_delay (0)
11. checking partial_output_delay (0)
12. checking latch_loops (0)

1. checking no_clock (0)
------------------------
 There are 0 register/latch pins with no clock.


2. checking constant_clock (0)
------------------------------
 There are 0 register/latch pins with constant_clock.


3. checking pulse_width_clock (0)
---------------------------------
 There are 0 register/latch pins which need pulse_width check


4. checking unconstrained_internal_endpoints (0)
------------------------------------------------
 There are 0 pins that are not constrained for maximum delay.

 There are 0 pins that are not constrained for maximum delay due to constant clock.


5. checking no_input_delay (0)
------------------------------
 There are 0 input ports with no input delay specified.

 There are 0 input ports with no input delay but user has a false path constraint.


6. checking no_output_delay (0)
-------------------------------
 There are 0 ports with no output delay specified.

 There are 0 ports with no output delay but user has a false path constraint

 There are 0 ports with no output delay but with a timing clock defined on it or propagating through it


7. checking multiple_clock (0)
------------------------------
 There are 0 register/latch pins with multiple clocks.


8. checking generated_clocks (0)
--------------------------------
 There are 0 generated clocks that are not connected to a clock source.


9. checking loops (0)
---------------------
 There are 0 combinational loops in the design.


10. checking partial_input_delay (0)
------------------------------------
 There are 0 input ports with partial input delay specified.


11. checking partial_output_delay (0)
-------------------------------------
 There are 0 ports with partial output delay specified.


12. checking latch_loops (0)
----------------------------
 There are 0 combinational latch loops in the design through latch input



------------------------------------------------------------------------------------------------
| Design Timing Summary
| ---------------------
------------------------------------------------------------------------------------------------

    WNS(ns)      TNS(ns)  TNS Failing Endpoints  TNS Total Endpoints      WHS(ns)      THS(ns)  THS Failing Endpoints  THS Total Endpoints     WPWS(ns)     TPWS(ns)  TPWS Failing Endpoints  TPWS Total Endpoints  
    -------      -------  ---------------------  -------------------      -------      -------  ---------------------  -------------------     --------     --------  ----------------------  --------------------  
        inf        0.000                      0                    4          inf        0.000                      0                    4           NA           NA                      NA                    NA  


There are no user specified timing constraints.


------------------------------------------------------------------------------------------------
| Clock Summary
| -------------
------------------------------------------------------------------------------------------------


------------------------------------------------------------------------------------------------
| Intra Clock Table
| -----------------
------------------------------------------------------------------------------------------------

Clock             WNS(ns)      TNS(ns)  TNS Failing Endpoints  TNS Total Endpoints      WHS(ns)      THS(ns)  THS Failing Endpoints  THS Total Endpoints     WPWS(ns)     TPWS(ns)  TPWS Failing Endpoints  TPWS Total Endpoints  
-----             -------      -------  ---------------------  -------------------      -------      -------  ---------------------  -------------------     --------     --------  ----------------------  --------------------  


------------------------------------------------------------------------------------------------
| Inter Clock Table
| -----------------
------------------------------------------------------------------------------------------------

From Clock    To Clock          WNS(ns)      TNS(ns)  TNS Failing Endpoints  TNS Total Endpoints      WHS(ns)      THS(ns)  THS Failing Endpoints  THS Total Endpoints  
----------    --------          -------      -------  ---------------------  -------------------      -------      -------  ---------------------  -------------------  


------------------------------------------------------------------------------------------------
| Other Path Groups Table
| -----------------------
------------------------------------------------------------------------------------------------

Path Group    From Clock    To Clock          WNS(ns)      TNS(ns)  TNS Failing Endpoints  TNS Total Endpoints      WHS(ns)      THS(ns)  THS Failing Endpoints  THS Total Endpoints  
----------    ----------    --------          -------      -------  ---------------------  -------------------      -------      -------  ---------------------  -------------------  


------------------------------------------------------------------------------------------------
| User Ignored Path Table
| -----------------------
------------------------------------------------------------------------------------------------

Path Group    From Clock    To Clock    
----------    ----------    --------    


------------------------------------------------------------------------------------------------
| Unconstrained Path Table
| ------------------------
------------------------------------------------------------------------------------------------

Path Group    From Clock    To Clock    
----------    ----------    --------    
(none)                                    


------------------------------------------------------------------------------------------------
| Timing Details
| --------------
------------------------------------------------------------------------------------------------


--------------------------------------------------------------------------------------
Path Group:  (none)
From Clock:  
  To Clock:  

Max Delay             4 Endpoints
Min Delay             4 Endpoints
--------------------------------------------------------------------------------------


Max Delay Paths
--------------------------------------------------------------------------------------
Slack:                    inf
  Source:                 y
                            (input port)
  Destination:            suma
                            (output port)
  Path Group:             (none)
  Path Type:              Max at Slow Process Corner
  Data Path Delay:        9.678ns  (logic 5.334ns (55.121%)  route 4.343ns (44.879%))
  Logic Levels:           3  (IBUF=1 LUT3=1 OBUF=1)

    Location             Delay type                Incr(ns)  Path(ns)    Netlist Resource(s)
  -------------------------------------------------------------------    -------------------
    U1                                                0.000     0.000 r  y (IN)
                         net (fo=0)                   0.000     0.000    y
    U1                   IBUF (Prop_ibuf_I_O)         1.453     1.453 r  y_IBUF_inst/O
                         net (fo=4, routed)           1.962     3.415    y_IBUF
    SLICE_X65Y61         LUT3 (Prop_lut3_I0_O)        0.152     3.567 r  suma_OBUF_inst_i_1/O
                         net (fo=1, routed)           2.381     5.948    suma_OBUF
    L1                   OBUF (Prop_obuf_I_O)         3.729     9.678 r  suma_OBUF_inst/O
                         net (fo=0)                   0.000     9.678    suma
    L1                                                                r  suma (OUT)
  -------------------------------------------------------------------    -------------------

Slack:                    inf
  Source:                 y
                            (input port)
  Destination:            resta
                            (output port)
  Path Group:             (none)
  Path Type:              Max at Slow Process Corner
  Data Path Delay:        9.187ns  (logic 5.084ns (55.340%)  route 4.103ns (44.660%))
  Logic Levels:           3  (IBUF=1 LUT3=1 OBUF=1)

    Location             Delay type                Incr(ns)  Path(ns)    Netlist Resource(s)
  -------------------------------------------------------------------    -------------------
    U1                                                0.000     0.000 r  y (IN)
                         net (fo=0)                   0.000     0.000    y
    U1                   IBUF (Prop_ibuf_I_O)         1.453     1.453 r  y_IBUF_inst/O
                         net (fo=4, routed)           1.962     3.415    y_IBUF
    SLICE_X65Y61         LUT3 (Prop_lut3_I0_O)        0.124     3.539 r  resta_OBUF_inst_i_1/O
                         net (fo=1, routed)           2.141     5.680    resta_OBUF
    N3                   OBUF (Prop_obuf_I_O)         3.507     9.187 r  resta_OBUF_inst/O
                         net (fo=0)                   0.000     9.187    resta
    N3                                                                r  resta (OUT)
  -------------------------------------------------------------------    -------------------

Slack:                    inf
  Source:                 sw
                            (input port)
  Destination:            pres
                            (output port)
  Path Group:             (none)
  Path Type:              Max at Slow Process Corner
  Data Path Delay:        9.053ns  (logic 5.098ns (56.318%)  route 3.954ns (43.682%))
  Logic Levels:           3  (IBUF=1 LUT3=1 OBUF=1)

    Location             Delay type                Incr(ns)  Path(ns)    Netlist Resource(s)
  -------------------------------------------------------------------    -------------------
    R2                                                0.000     0.000 r  sw (IN)
                         net (fo=0)                   0.000     0.000    sw
    R2                   IBUF (Prop_ibuf_I_O)         1.456     1.456 r  sw_IBUF_inst/O
                         net (fo=4, routed)           1.776     3.232    sw_IBUF
    SLICE_X65Y61         LUT3 (Prop_lut3_I2_O)        0.124     3.356 r  pres_OBUF_inst_i_1/O
                         net (fo=1, routed)           2.178     5.535    pres_OBUF
    P3                   OBUF (Prop_obuf_I_O)         3.518     9.053 r  pres_OBUF_inst/O
                         net (fo=0)                   0.000     9.053    pres
    P3                                                                r  pres (OUT)
  -------------------------------------------------------------------    -------------------

Slack:                    inf
  Source:                 sw
                            (input port)
  Destination:            ac
                            (output port)
  Path Group:             (none)
  Path Type:              Max at Slow Process Corner
  Data Path Delay:        8.766ns  (logic 5.326ns (60.756%)  route 3.440ns (39.244%))
  Logic Levels:           3  (IBUF=1 LUT3=1 OBUF=1)

    Location             Delay type                Incr(ns)  Path(ns)    Netlist Resource(s)
  -------------------------------------------------------------------    -------------------
    R2                                                0.000     0.000 f  sw (IN)
                         net (fo=0)                   0.000     0.000    sw
    R2                   IBUF (Prop_ibuf_I_O)         1.456     1.456 f  sw_IBUF_inst/O
                         net (fo=4, routed)           1.776     3.232    sw_IBUF
    SLICE_X65Y61         LUT3 (Prop_lut3_I0_O)        0.152     3.384 r  ac_OBUF_inst_i_1/O
                         net (fo=1, routed)           1.664     5.048    ac_OBUF
    P1                   OBUF (Prop_obuf_I_O)         3.717     8.766 r  ac_OBUF_inst/O
                         net (fo=0)                   0.000     8.766    ac
    P1                                                                r  ac (OUT)
  -------------------------------------------------------------------    -------------------





Min Delay Paths
--------------------------------------------------------------------------------------
Slack:                    inf
  Source:                 y
                            (input port)
  Destination:            ac
                            (output port)
  Path Group:             (none)
  Path Type:              Min at Fast Process Corner
  Data Path Delay:        2.461ns  (logic 1.547ns (62.875%)  route 0.914ns (37.125%))
  Logic Levels:           3  (IBUF=1 LUT3=1 OBUF=1)

    Location             Delay type                Incr(ns)  Path(ns)    Netlist Resource(s)
  -------------------------------------------------------------------    -------------------
    U1                                                0.000     0.000 r  y (IN)
                         net (fo=0)                   0.000     0.000    y
    U1                   IBUF (Prop_ibuf_I_O)         0.221     0.221 r  y_IBUF_inst/O
                         net (fo=4, routed)           0.579     0.800    y_IBUF
    SLICE_X65Y61         LUT3 (Prop_lut3_I2_O)        0.048     0.848 r  ac_OBUF_inst_i_1/O
                         net (fo=1, routed)           0.335     1.183    ac_OBUF
    P1                   OBUF (Prop_obuf_I_O)         1.278     2.461 r  ac_OBUF_inst/O
                         net (fo=0)                   0.000     2.461    ac
    P1                                                                r  ac (OUT)
  -------------------------------------------------------------------    -------------------

Slack:                    inf
  Source:                 y
                            (input port)
  Destination:            pres
                            (output port)
  Path Group:             (none)
  Path Type:              Min at Fast Process Corner
  Data Path Delay:        2.656ns  (logic 1.485ns (55.910%)  route 1.171ns (44.090%))
  Logic Levels:           3  (IBUF=1 LUT3=1 OBUF=1)

    Location             Delay type                Incr(ns)  Path(ns)    Netlist Resource(s)
  -------------------------------------------------------------------    -------------------
    U1                                                0.000     0.000 r  y (IN)
                         net (fo=0)                   0.000     0.000    y
    U1                   IBUF (Prop_ibuf_I_O)         0.221     0.221 r  y_IBUF_inst/O
                         net (fo=4, routed)           0.579     0.800    y_IBUF
    SLICE_X65Y61         LUT3 (Prop_lut3_I1_O)        0.045     0.845 r  pres_OBUF_inst_i_1/O
                         net (fo=1, routed)           0.592     1.437    pres_OBUF
    P3                   OBUF (Prop_obuf_I_O)         1.219     2.656 r  pres_OBUF_inst/O
                         net (fo=0)                   0.000     2.656    pres
    P3                                                                r  pres (OUT)
  -------------------------------------------------------------------    -------------------

Slack:                    inf
  Source:                 x
                            (input port)
  Destination:            resta
                            (output port)
  Path Group:             (none)
  Path Type:              Min at Fast Process Corner
  Data Path Delay:        2.677ns  (logic 1.477ns (55.163%)  route 1.200ns (44.837%))
  Logic Levels:           3  (IBUF=1 LUT3=1 OBUF=1)

    Location             Delay type                Incr(ns)  Path(ns)    Netlist Resource(s)
  -------------------------------------------------------------------    -------------------
    T1                                                0.000     0.000 r  x (IN)
                         net (fo=0)                   0.000     0.000    x
    T1                   IBUF (Prop_ibuf_I_O)         0.223     0.223 r  x_IBUF_inst/O
                         net (fo=4, routed)           0.657     0.880    x_IBUF
    SLICE_X65Y61         LUT3 (Prop_lut3_I2_O)        0.045     0.925 r  resta_OBUF_inst_i_1/O
                         net (fo=1, routed)           0.543     1.469    resta_OBUF
    N3                   OBUF (Prop_obuf_I_O)         1.208     2.677 r  resta_OBUF_inst/O
                         net (fo=0)                   0.000     2.677    resta
    N3                                                                r  resta (OUT)
  -------------------------------------------------------------------    -------------------

Slack:                    inf
  Source:                 x
                            (input port)
  Destination:            suma
                            (output port)
  Path Group:             (none)
  Path Type:              Min at Fast Process Corner
  Data Path Delay:        2.824ns  (logic 1.556ns (55.087%)  route 1.268ns (44.913%))
  Logic Levels:           3  (IBUF=1 LUT3=1 OBUF=1)

    Location             Delay type                Incr(ns)  Path(ns)    Netlist Resource(s)
  -------------------------------------------------------------------    -------------------
    T1                                                0.000     0.000 r  x (IN)
                         net (fo=0)                   0.000     0.000    x
    T1                   IBUF (Prop_ibuf_I_O)         0.223     0.223 r  x_IBUF_inst/O
                         net (fo=4, routed)           0.657     0.880    x_IBUF
    SLICE_X65Y61         LUT3 (Prop_lut3_I1_O)        0.043     0.923 r  suma_OBUF_inst_i_1/O
                         net (fo=1, routed)           0.611     1.535    suma_OBUF
    L1                   OBUF (Prop_obuf_I_O)         1.289     2.824 r  suma_OBUF_inst/O
                         net (fo=0)                   0.000     2.824    suma
    L1                                                                r  suma (OUT)
  -------------------------------------------------------------------    -------------------





